<?xml version="1.0" encoding="UTF-8"?>
<!-- Generated by org.testng.reporters.JUnitXMLReporter -->
<testsuite ignored="4" hostname="MORGAN-QA3L" failures="0" tests="10" name="Test" time="8.849" errors="0" timestamp="2023-08-21T15:09:23 IST">
  <testcase classname="Com.Quickbase.testclass.BeforeAndAfter" name="@BeforeMethod SignIn" time="4.462">
    <failure type="org.openqa.selenium.SessionNotCreatedException" message="Could not start a new session. Response code 500. Message: session not created: This version of ChromeDriver only supports Chrome version 114
Current browser version is 116.0.5845.96 with binary path C:\Program Files\Google\Chrome\Application\chrome.exe 
Host info: host: &amp;apos;MORGAN-QA3L&amp;apos;, ip: &amp;apos;10.10.6.225&amp;apos;
Build info: version: &amp;apos;4.9.1&amp;apos;, revision: &amp;apos;eb2032df7f&amp;apos;
System info: os.name: &amp;apos;Windows 10&amp;apos;, os.arch: &amp;apos;amd64&amp;apos;, os.version: &amp;apos;10.0&amp;apos;, java.version: &amp;apos;16.0.1&amp;apos;
Driver info: org.openqa.selenium.chrome.ChromeDriver
Command: [null, newSession {capabilities=[Capabilities {browserName: chrome, goog:chromeOptions: {args: [--remote-allow-origins=*], extensions: []}}]}]">
      <![CDATA[org.openqa.selenium.SessionNotCreatedException: Could not start a new session. Response code 500. Message: session not created: This version of ChromeDriver only supports Chrome version 114
Current browser version is 116.0.5845.96 with binary path C:\Program Files\Google\Chrome\Application\chrome.exe 
Host info: host: 'MORGAN-QA3L', ip: '10.10.6.225'
Build info: version: '4.9.1', revision: 'eb2032df7f'
System info: os.name: 'Windows 10', os.arch: 'amd64', os.version: '10.0', java.version: '16.0.1'
Driver info: org.openqa.selenium.chrome.ChromeDriver
Command: [null, newSession {capabilities=[Capabilities {browserName: chrome, goog:chromeOptions: {args: [--remote-allow-origins=*], extensions: []}}]}]
at org.openqa.selenium.remote.ProtocolHandshake.createSession(ProtocolHandshake.java:136)
at org.openqa.selenium.remote.ProtocolHandshake.createSession(ProtocolHandshake.java:94)
at org.openqa.selenium.remote.ProtocolHandshake.createSession(ProtocolHandshake.java:68)
at org.openqa.selenium.remote.HttpCommandExecutor.execute(HttpCommandExecutor.java:165)
at org.openqa.selenium.remote.service.DriverCommandExecutor.invokeExecute(DriverCommandExecutor.java:183)
at org.openqa.selenium.remote.service.DriverCommandExecutor.execute(DriverCommandExecutor.java:158)
at org.openqa.selenium.remote.RemoteWebDriver.execute(RemoteWebDriver.java:543)
at org.openqa.selenium.remote.RemoteWebDriver.startSession(RemoteWebDriver.java:229)
at org.openqa.selenium.remote.RemoteWebDriver.<init>(RemoteWebDriver.java:157)
at org.openqa.selenium.chromium.ChromiumDriver.<init>(ChromiumDriver.java:101)
at org.openqa.selenium.chrome.ChromeDriver.<init>(ChromeDriver.java:88)
at org.openqa.selenium.chrome.ChromeDriver.<init>(ChromeDriver.java:84)
at org.openqa.selenium.chrome.ChromeDriver.<init>(ChromeDriver.java:52)
at Com.Quickbase.testclass.BeforeAndAfter.SignIn(BeforeAndAfter.java:25)
at java.base/java.util.ArrayList.forEach(ArrayList.java:1511)
... Removed 31 stack frames]]>
    </failure>
  </testcase> <!-- @BeforeMethod SignIn -->
  <testcase classname="Com.Quickbase.testclass.BeforeAndAfter" name="@AfterMethod Closebrowser" time="-1.692610758901E9">
    <skipped/>
  </testcase> <!-- @AfterMethod Closebrowser -->
  <testcase classname="Com.Quickbase.testclass.BeforeAndAfter" name="@BeforeMethod SignIn" time="-1.692610758903E9">
    <skipped/>
  </testcase> <!-- @BeforeMethod SignIn -->
  <testcase classname="Com.Quickbase.testclass.BeforeAndAfter" name="@AfterMethod Closebrowser" time="-1.69261075891E9">
    <skipped/>
  </testcase> <!-- @AfterMethod Closebrowser -->
  <testcase classname="Com.Quickbase.testclass.BeforeAndAfter" name="@BeforeMethod SignIn" time="-1.692610758911E9">
    <skipped/>
  </testcase> <!-- @BeforeMethod SignIn -->
  <testcase classname="Com.Quickbase.testclass.BeforeAndAfter" name="@AfterMethod Closebrowser" time="-1.692610758914E9">
    <skipped/>
  </testcase> <!-- @AfterMethod Closebrowser -->
  <testcase classname="Com.Quickbase.testclass.BeforeAndAfter" name="@BeforeMethod SignIn" time="-1.692610758916E9">
    <skipped/>
  </testcase> <!-- @BeforeMethod SignIn -->
  <testcase classname="Com.Quickbase.testclass.BeforeAndAfter" name="@AfterMethod Closebrowser" time="-1.692610758919E9">
    <skipped/>
  </testcase> <!-- @AfterMethod Closebrowser -->
  <testcase classname="Com.Quickbase.testclass.BeforeAndAfter" name="@BeforeMethod SignIn" time="-1.69261075892E9">
    <skipped/>
  </testcase> <!-- @BeforeMethod SignIn -->
  <testcase classname="Com.Quickbase.testclass.BeforeAndAfter" name="@AfterMethod Closebrowser" time="-1.692610758924E9">
    <skipped/>
  </testcase> <!-- @AfterMethod Closebrowser -->
  <testcase classname="driver.BaseClass" name="@BeforeMethod setUp" time="4.114">
    <failure type="org.openqa.selenium.SessionNotCreatedException" message="Could not start a new session. Response code 500. Message: session not created: This version of ChromeDriver only supports Chrome version 114
Current browser version is 116.0.5845.96 with binary path C:\Program Files\Google\Chrome\Application\chrome.exe 
Host info: host: &amp;apos;MORGAN-QA3L&amp;apos;, ip: &amp;apos;10.10.6.225&amp;apos;
Build info: version: &amp;apos;4.9.1&amp;apos;, revision: &amp;apos;eb2032df7f&amp;apos;
System info: os.name: &amp;apos;Windows 10&amp;apos;, os.arch: &amp;apos;amd64&amp;apos;, os.version: &amp;apos;10.0&amp;apos;, java.version: &amp;apos;16.0.1&amp;apos;
Driver info: org.openqa.selenium.chrome.ChromeDriver
Command: [null, newSession {capabilities=[Capabilities {browserName: chrome, goog:chromeOptions: {args: [--remote-allow-origins=*], extensions: []}}]}]">
      <![CDATA[org.openqa.selenium.SessionNotCreatedException: Could not start a new session. Response code 500. Message: session not created: This version of ChromeDriver only supports Chrome version 114
Current browser version is 116.0.5845.96 with binary path C:\Program Files\Google\Chrome\Application\chrome.exe 
Host info: host: 'MORGAN-QA3L', ip: '10.10.6.225'
Build info: version: '4.9.1', revision: 'eb2032df7f'
System info: os.name: 'Windows 10', os.arch: 'amd64', os.version: '10.0', java.version: '16.0.1'
Driver info: org.openqa.selenium.chrome.ChromeDriver
Command: [null, newSession {capabilities=[Capabilities {browserName: chrome, goog:chromeOptions: {args: [--remote-allow-origins=*], extensions: []}}]}]
at org.openqa.selenium.remote.ProtocolHandshake.createSession(ProtocolHandshake.java:136)
at org.openqa.selenium.remote.ProtocolHandshake.createSession(ProtocolHandshake.java:94)
at org.openqa.selenium.remote.ProtocolHandshake.createSession(ProtocolHandshake.java:68)
at org.openqa.selenium.remote.HttpCommandExecutor.execute(HttpCommandExecutor.java:165)
at org.openqa.selenium.remote.service.DriverCommandExecutor.invokeExecute(DriverCommandExecutor.java:183)
at org.openqa.selenium.remote.service.DriverCommandExecutor.execute(DriverCommandExecutor.java:158)
at org.openqa.selenium.remote.RemoteWebDriver.execute(RemoteWebDriver.java:543)
at org.openqa.selenium.remote.RemoteWebDriver.startSession(RemoteWebDriver.java:229)
at org.openqa.selenium.remote.RemoteWebDriver.<init>(RemoteWebDriver.java:157)
at org.openqa.selenium.chromium.ChromiumDriver.<init>(ChromiumDriver.java:101)
at org.openqa.selenium.chrome.ChromeDriver.<init>(ChromeDriver.java:88)
at org.openqa.selenium.chrome.ChromeDriver.<init>(ChromeDriver.java:84)
at org.openqa.selenium.chrome.ChromeDriver.<init>(ChromeDriver.java:52)
at driver.BaseClass.setUp(BaseClass.java:28)
at java.base/java.util.ArrayList.forEach(ArrayList.java:1511)
... Removed 31 stack frames]]>
    </failure>
  </testcase> <!-- @BeforeMethod setUp -->
  <testcase classname="Report.HtmlRoport" name="@AfterMethod getTestresult" time="-1.692610763043E9">
    <skipped/>
  </testcase> <!-- @AfterMethod getTestresult -->
  <testcase classname="driver.BaseClass" name="@BeforeMethod setUp" time="-1.692610763044E9">
    <skipped/>
  </testcase> <!-- @BeforeMethod setUp -->
  <testcase classname="Report.HtmlRoport" name="@AfterMethod getTestresult" time="-1.692610763047E9">
    <skipped/>
  </testcase> <!-- @AfterMethod getTestresult -->
  <testcase classname="driver.BaseClass" name="@BeforeMethod setUp" time="-1.692610763049E9">
    <skipped/>
  </testcase> <!-- @BeforeMethod setUp -->
  <testcase classname="Report.HtmlRoport" name="@AfterMethod getTestresult" time="-1.692610763052E9">
    <skipped/>
  </testcase> <!-- @AfterMethod getTestresult -->
  <testcase classname="driver.BaseClass" name="@BeforeMethod setUp" time="-1.692610763053E9">
    <skipped/>
  </testcase> <!-- @BeforeMethod setUp -->
  <testcase classname="Report.HtmlRoport" name="@AfterMethod getTestresult" time="-1.692610763056E9">
    <skipped/>
  </testcase> <!-- @AfterMethod getTestresult -->
  <testcase classname="driver.BaseClass" name="@BeforeMethod setUp" time="-1.692610763056E9">
    <skipped/>
  </testcase> <!-- @BeforeMethod setUp -->
  <testcase classname="Report.HtmlRoport" name="@AfterMethod getTestresult" time="-1.692610763059E9">
    <skipped/>
  </testcase> <!-- @AfterMethod getTestresult -->
  <testcase classname="Report.HtmlRoport" name="@AfterTest tearDown" time="-1.69261076306E9">
    <skipped/>
  </testcase> <!-- @AfterTest tearDown -->
  <testcase classname="Com.Quickbase.testclass.Testcases" name="test1" time="0.0">
    <skipped/>
  </testcase> <!-- test1 -->
  <testcase classname="Com.Quickbase.testclass.Testcases" name="test3" time="0.0">
    <skipped/>
  </testcase> <!-- test3 -->
  <testcase classname="Com.Quickbase.testclass.Testcases" name="test4" time="0.0">
    <skipped/>
  </testcase> <!-- test4 -->
  <testcase classname="Com.Quickbase.testclass.Testcases" name="test5" time="0.0">
    <skipped/>
  </testcase> <!-- test5 -->
  <testcase classname="Com.Quickbase.testclass.Testcases" name="test2" time="0.0">
    <skipped/>
  </testcase> <!-- test2 -->
  <testcase classname="driver.Tests" name="test1" time="0.0">
    <skipped/>
  </testcase> <!-- test1 -->
  <testcase classname="driver.Tests" name="test3" time="0.0">
    <skipped/>
  </testcase> <!-- test3 -->
  <testcase classname="driver.Tests" name="test4" time="0.0">
    <skipped/>
  </testcase> <!-- test4 -->
  <testcase classname="driver.Tests" name="test5" time="0.0">
    <skipped/>
  </testcase> <!-- test5 -->
  <testcase classname="driver.Tests" name="test2" time="0.0">
    <skipped/>
  </testcase> <!-- test2 -->
  <testcase classname="Report.HtmlRoport" name="@AfterTest tearDown" time="0.0">
    <ignored/>
  </testcase> <!-- @AfterTest tearDown -->
  <testcase classname="Report.HtmlRoport" name="@AfterTest tearDown" time="0.0">
    <ignored/>
  </testcase> <!-- @AfterTest tearDown -->
  <testcase classname="Report.HtmlRoport" name="@BeforeTest startreport" time="0.0">
    <ignored/>
  </testcase> <!-- @BeforeTest startreport -->
  <testcase classname="Report.HtmlRoport" name="@BeforeTest startreport" time="0.0">
    <ignored/>
  </testcase> <!-- @BeforeTest startreport -->
</testsuite> <!-- Test -->
